2013-11-18 11:07:33 [CLIENT] [INFO] Setting user: Player260
2013-11-18 11:07:33 [CLIENT] [INFO] (Session ID is null)
2013-11-18 11:07:41 [CLIENT] [INFO] LWJGL Version: 2.9.0
2013-11-18 11:07:45 [CLIENT] [INFO] Reloading ResourceManager: Default
2013-11-18 11:08:19 [CLIENT] [INFO] Reloading ResourceManager: Default, FMLFileResourcePack:Forge Mod Loader, FMLFileResourcePack:Minecraft Forge
2013-11-18 11:08:28 [CLIENT] [INFO] Reloading ResourceManager: Default, FMLFileResourcePack:Forge Mod Loader, FMLFileResourcePack:Minecraft Forge
2013-11-18 11:08:42 [CLIENT] [SEVERE] Realms: Server not available!
2013-11-18 11:10:23 [CLIENT] [INFO] Stopping!
2013-11-18 12:23:35 [CLIENT] [INFO] Setting user: Player859
2013-11-18 12:23:35 [CLIENT] [INFO] (Session ID is null)
2013-11-18 12:23:39 [CLIENT] [INFO] LWJGL Version: 2.9.0
2013-11-18 12:23:40 [CLIENT] [INFO] Reloading ResourceManager: Default
2013-11-18 12:23:54 [CLIENT] [INFO] Reloading ResourceManager: Default, FMLFileResourcePack:Forge Mod Loader, FMLFileResourcePack:Minecraft Forge, FMLFileResourcePack:Odyssey Craft
2013-11-18 12:23:58 [CLIENT] [INFO] Reloading ResourceManager: Default, FMLFileResourcePack:Forge Mod Loader, FMLFileResourcePack:Minecraft Forge, FMLFileResourcePack:Odyssey Craft
2013-11-18 12:24:03 [CLIENT] [SEVERE] Realms: Invalid session id
2013-11-18 12:24:15 [CLIENT] [INFO] Stopping!
2013-11-18 12:38:42 [CLIENT] [INFO] Setting user: Player882
2013-11-18 12:38:42 [CLIENT] [INFO] (Session ID is null)
2013-11-18 12:38:45 [CLIENT] [INFO] LWJGL Version: 2.9.0
2013-11-18 12:38:46 [CLIENT] [INFO] Reloading ResourceManager: Default
2013-11-18 12:39:02 [CLIENT] [INFO] Reloading ResourceManager: Default, FMLFileResourcePack:Forge Mod Loader, FMLFileResourcePack:Minecraft Forge, FMLFileResourcePack:Odyssey Craft
2013-11-18 12:39:07 [CLIENT] [INFO] Reloading ResourceManager: Default, FMLFileResourcePack:Forge Mod Loader, FMLFileResourcePack:Minecraft Forge, FMLFileResourcePack:Odyssey Craft
2013-11-18 12:39:08 [CLIENT] [SEVERE] Using missing texture, unable to load: minecraft:textures/blocks/MISSING_ICON_TILE_500_console.png
2013-11-18 12:39:11 [CLIENT] [SEVERE] Realms: Invalid session id
2013-11-18 13:51:15 [CLIENT] [INFO] Stopping!
2013-11-18 14:36:47 [CLIENT] [INFO] Setting user: Player500
2013-11-18 14:36:47 [CLIENT] [INFO] (Session ID is null)
2013-11-18 14:36:50 [CLIENT] [INFO] LWJGL Version: 2.9.0
2013-11-18 14:36:52 [CLIENT] [INFO] Reloading ResourceManager: Default
2013-11-18 14:37:06 [CLIENT] [INFO] Reloading ResourceManager: Default, FMLFileResourcePack:Forge Mod Loader, FMLFileResourcePack:Minecraft Forge, FMLFileResourcePack:Odyssey Craft
2013-11-18 14:37:11 [CLIENT] [INFO] Reloading ResourceManager: Default, FMLFileResourcePack:Forge Mod Loader, FMLFileResourcePack:Minecraft Forge, FMLFileResourcePack:Odyssey Craft
2013-11-18 14:37:13 [CLIENT] [SEVERE] Using missing texture, unable to load: minecraft:textures/blocks/MISSING_ICON_TILE_500_console.png
2013-11-18 14:37:25 [CLIENT] [SEVERE] Realms: Server not available!
2013-11-18 14:37:53 [CLIENT] [INFO] Stopping!
2013-11-18 15:52:45 [CLIENT] [INFO] Setting user: Player171
2013-11-18 15:52:45 [CLIENT] [INFO] (Session ID is null)
2013-11-18 15:52:49 [CLIENT] [INFO] LWJGL Version: 2.9.0
2013-11-18 15:52:50 [CLIENT] [INFO] Reloading ResourceManager: Default
2013-11-18 15:53:04 [CLIENT] [INFO] Reloading ResourceManager: Default, FMLFileResourcePack:Forge Mod Loader, FMLFileResourcePack:Minecraft Forge, FMLFileResourcePack:Odyssey Craft
2013-11-18 15:53:08 [CLIENT] [INFO] Reloading ResourceManager: Default, FMLFileResourcePack:Forge Mod Loader, FMLFileResourcePack:Minecraft Forge, FMLFileResourcePack:Odyssey Craft
2013-11-18 15:53:09 [CLIENT] [SEVERE] Using missing texture, unable to load: minecraft:textures/blocks/MISSING_ICON_TILE_500_console.png
2013-11-18 15:53:13 [CLIENT] [SEVERE] Realms: Invalid session id
2013-11-18 15:57:37 [CLIENT] [INFO] Stopping!
2013-11-18 16:28:39 [CLIENT] [INFO] Setting user: Player542
2013-11-18 16:28:39 [CLIENT] [INFO] (Session ID is null)
2013-11-18 16:28:43 [CLIENT] [INFO] LWJGL Version: 2.9.0
2013-11-18 16:28:44 [CLIENT] [INFO] Reloading ResourceManager: Default
2013-11-18 16:29:00 [CLIENT] [INFO] Reloading ResourceManager: Default, FMLFileResourcePack:Forge Mod Loader, FMLFileResourcePack:Minecraft Forge, FMLFileResourcePack:Odyssey Craft
2013-11-18 16:29:05 [CLIENT] [INFO] Reloading ResourceManager: Default, FMLFileResourcePack:Forge Mod Loader, FMLFileResourcePack:Minecraft Forge, FMLFileResourcePack:Odyssey Craft
2013-11-18 16:29:06 [CLIENT] [SEVERE] Using missing texture, unable to load: minecraft:textures/blocks/MISSING_ICON_TILE_500_console.png
2013-11-18 16:29:10 [CLIENT] [SEVERE] Realms: Invalid session id
2013-11-18 16:31:08 [CLIENT] [INFO] Stopping!
2013-11-18 16:37:36 [CLIENT] [INFO] Setting user: Player281
2013-11-18 16:37:36 [CLIENT] [INFO] (Session ID is null)
2013-11-18 16:37:39 [CLIENT] [INFO] LWJGL Version: 2.9.0
2013-11-18 16:37:41 [CLIENT] [INFO] Reloading ResourceManager: Default
2013-11-18 16:37:55 [CLIENT] [INFO] Reloading ResourceManager: Default, FMLFileResourcePack:Forge Mod Loader, FMLFileResourcePack:Minecraft Forge, FMLFileResourcePack:Odyssey Craft
2013-11-18 16:37:59 [CLIENT] [INFO] Reloading ResourceManager: Default, FMLFileResourcePack:Forge Mod Loader, FMLFileResourcePack:Minecraft Forge, FMLFileResourcePack:Odyssey Craft
2013-11-18 16:38:00 [CLIENT] [SEVERE] Using missing texture, unable to load: minecraft:textures/blocks/MISSING_ICON_TILE_500_console.png
2013-11-18 16:38:05 [CLIENT] [SEVERE] Realms: Invalid session id
2013-11-18 16:39:38 [CLIENT] [INFO] Stopping!
2013-11-18 16:39:53 [CLIENT] [INFO] Setting user: Player824
2013-11-18 16:39:53 [CLIENT] [INFO] (Session ID is null)
2013-11-18 16:39:56 [CLIENT] [INFO] LWJGL Version: 2.9.0
2013-11-18 16:39:58 [CLIENT] [INFO] Reloading ResourceManager: Default
2013-11-18 16:40:10 [CLIENT] [INFO] Reloading ResourceManager: Default, FMLFileResourcePack:Forge Mod Loader, FMLFileResourcePack:Minecraft Forge, FMLFileResourcePack:Odyssey Craft
2013-11-18 16:40:15 [CLIENT] [INFO] Reloading ResourceManager: Default, FMLFileResourcePack:Forge Mod Loader, FMLFileResourcePack:Minecraft Forge, FMLFileResourcePack:Odyssey Craft
2013-11-18 16:40:16 [CLIENT] [SEVERE] Using missing texture, unable to load: minecraft:textures/blocks/MISSING_ICON_TILE_500_console.png
2013-11-18 16:40:19 [CLIENT] [SEVERE] Realms: Invalid session id
2013-11-18 16:41:26 [CLIENT] [INFO] Stopping!
2013-11-18 16:51:42 [CLIENT] [INFO] Setting user: Player321
2013-11-18 16:51:42 [CLIENT] [INFO] (Session ID is null)
2013-11-18 16:51:46 [CLIENT] [INFO] LWJGL Version: 2.9.0
2013-11-18 16:51:48 [CLIENT] [INFO] Reloading ResourceManager: Default
2013-11-18 16:52:03 [CLIENT] [INFO] Reloading ResourceManager: Default, FMLFileResourcePack:Forge Mod Loader, FMLFileResourcePack:Minecraft Forge, FMLFileResourcePack:Odyssey Craft
2013-11-18 16:52:08 [CLIENT] [INFO] Reloading ResourceManager: Default, FMLFileResourcePack:Forge Mod Loader, FMLFileResourcePack:Minecraft Forge, FMLFileResourcePack:Odyssey Craft
2013-11-18 16:52:09 [CLIENT] [SEVERE] Using missing texture, unable to load: minecraft:textures/blocks/MISSING_ICON_TILE_500_console.png
2013-11-18 16:52:13 [CLIENT] [SEVERE] Realms: Invalid session id
2013-11-18 16:52:56 [CLIENT] [INFO] Stopping!
2013-11-18 16:53:15 [CLIENT] [INFO] Setting user: Player795
2013-11-18 16:53:15 [CLIENT] [INFO] (Session ID is null)
2013-11-18 16:53:18 [CLIENT] [INFO] LWJGL Version: 2.9.0
2013-11-18 16:53:20 [CLIENT] [INFO] Reloading ResourceManager: Default
2013-11-18 16:53:34 [CLIENT] [INFO] Reloading ResourceManager: Default, FMLFileResourcePack:Forge Mod Loader, FMLFileResourcePack:Minecraft Forge, FMLFileResourcePack:Odyssey Craft
2013-11-18 16:53:38 [CLIENT] [INFO] Reloading ResourceManager: Default, FMLFileResourcePack:Forge Mod Loader, FMLFileResourcePack:Minecraft Forge, FMLFileResourcePack:Odyssey Craft
2013-11-18 16:53:39 [CLIENT] [SEVERE] Using missing texture, unable to load: minecraft:textures/blocks/MISSING_ICON_TILE_500_console.png
2013-11-18 16:53:42 [CLIENT] [SEVERE] Realms: Invalid session id
2013-11-18 16:54:07 [CLIENT] [INFO] Stopping!
2013-11-18 16:57:00 [CLIENT] [INFO] Setting user: Player593
2013-11-18 16:57:00 [CLIENT] [INFO] (Session ID is null)
2013-11-18 16:57:03 [CLIENT] [INFO] LWJGL Version: 2.9.0
2013-11-18 16:57:04 [CLIENT] [INFO] Reloading ResourceManager: Default
2013-11-18 16:57:17 [CLIENT] [INFO] Reloading ResourceManager: Default, FMLFileResourcePack:Forge Mod Loader, FMLFileResourcePack:Minecraft Forge, FMLFileResourcePack:Odyssey Craft
2013-11-18 16:57:22 [CLIENT] [INFO] Reloading ResourceManager: Default, FMLFileResourcePack:Forge Mod Loader, FMLFileResourcePack:Minecraft Forge, FMLFileResourcePack:Odyssey Craft
2013-11-18 16:57:23 [CLIENT] [SEVERE] Using missing texture, unable to load: minecraft:textures/blocks/MISSING_ICON_TILE_500_console.png
2013-11-18 16:57:28 [CLIENT] [SEVERE] Realms: Invalid session id
2013-11-18 16:58:46 [CLIENT] [INFO] Stopping!
2013-11-18 17:11:08 [CLIENT] [INFO] Setting user: Player112
2013-11-18 17:11:08 [CLIENT] [INFO] (Session ID is null)
2013-11-18 17:11:11 [CLIENT] [INFO] LWJGL Version: 2.9.0
2013-11-18 17:11:13 [CLIENT] [INFO] Reloading ResourceManager: Default
2013-11-18 17:11:26 [CLIENT] [INFO] Reloading ResourceManager: Default, FMLFileResourcePack:Forge Mod Loader, FMLFileResourcePack:Minecraft Forge, FMLFileResourcePack:Odyssey Craft
2013-11-18 17:11:32 [CLIENT] [INFO] Reloading ResourceManager: Default, FMLFileResourcePack:Forge Mod Loader, FMLFileResourcePack:Minecraft Forge, FMLFileResourcePack:Odyssey Craft
2013-11-18 17:11:33 [CLIENT] [SEVERE] Using missing texture, unable to load: minecraft:textures/blocks/MISSING_ICON_TILE_500_console.png
2013-11-18 17:11:37 [CLIENT] [SEVERE] Realms: Invalid session id
2013-11-18 17:12:33 [CLIENT] [INFO] Stopping!
2013-11-18 17:17:05 [CLIENT] [INFO] Setting user: Player469
2013-11-18 17:17:05 [CLIENT] [INFO] (Session ID is null)
2013-11-18 17:17:09 [CLIENT] [INFO] LWJGL Version: 2.9.0
2013-11-18 17:17:11 [CLIENT] [INFO] Reloading ResourceManager: Default
2013-11-18 17:17:24 [CLIENT] [INFO] Reloading ResourceManager: Default, FMLFileResourcePack:Forge Mod Loader, FMLFileResourcePack:Minecraft Forge, FMLFileResourcePack:Odyssey Craft
2013-11-18 17:17:28 [CLIENT] [INFO] Reloading ResourceManager: Default, FMLFileResourcePack:Forge Mod Loader, FMLFileResourcePack:Minecraft Forge, FMLFileResourcePack:Odyssey Craft
2013-11-18 17:17:30 [CLIENT] [SEVERE] Using missing texture, unable to load: minecraft:textures/blocks/MISSING_ICON_TILE_500_console.png
2013-11-18 17:17:33 [CLIENT] [SEVERE] Realms: Invalid session id
2013-11-21 17:31:20 [CLIENT] [INFO] Setting user: Player2
2013-11-21 17:31:20 [CLIENT] [INFO] (Session ID is null)
2013-11-21 17:31:21 [CLIENT] [INFO] LWJGL Version: 2.9.0
2013-11-21 17:31:22 [CLIENT] [INFO] Reloading ResourceManager: Default
2013-11-21 17:31:29 [CLIENT] [INFO] Reloading ResourceManager: Default, FMLFileResourcePack:Forge Mod Loader, FMLFileResourcePack:Minecraft Forge, FMLFileResourcePack:Odyssey Craft
2013-11-21 17:31:30 [CLIENT] [INFO] Reloading ResourceManager: Default, FMLFileResourcePack:Forge Mod Loader, FMLFileResourcePack:Minecraft Forge, FMLFileResourcePack:Odyssey Craft
2013-11-21 17:31:31 [CLIENT] [SEVERE] Using missing texture, unable to load: minecraft:textures/blocks/MISSING_ICON_TILE_500_console.png
2013-11-21 17:31:32 [CLIENT] [SEVERE] Realms: Invalid session id
2013-11-21 17:31:43 [CLIENT] [INFO] [CHAT] Set the time to 0
2013-11-21 17:32:15 [CLIENT] [INFO] Stopping!
2013-11-21 17:37:21 [CLIENT] [INFO] Setting user: Player764
2013-11-21 17:37:21 [CLIENT] [INFO] (Session ID is null)
2013-11-21 17:37:22 [CLIENT] [INFO] LWJGL Version: 2.9.0
2013-11-21 17:37:23 [CLIENT] [INFO] Reloading ResourceManager: Default
2013-11-21 17:37:25 [CLIENT] [INFO] Reloading ResourceManager: Default, FMLFileResourcePack:Forge Mod Loader, FMLFileResourcePack:Minecraft Forge, FMLFileResourcePack:Odyssey Craft
2013-11-21 17:37:27 [CLIENT] [INFO] Reloading ResourceManager: Default, FMLFileResourcePack:Forge Mod Loader, FMLFileResourcePack:Minecraft Forge, FMLFileResourcePack:Odyssey Craft
2013-11-21 17:37:27 [CLIENT] [SEVERE] Using missing texture, unable to load: minecraft:textures/blocks/MISSING_ICON_TILE_500_console.png
2013-11-21 17:37:28 [CLIENT] [SEVERE] Realms: Invalid session id
2013-11-21 17:38:58 [CLIENT] [INFO] Stopping!
2013-11-21 17:39:06 [CLIENT] [INFO] Setting user: Player583
2013-11-21 17:39:06 [CLIENT] [INFO] (Session ID is null)
2013-11-21 17:39:07 [CLIENT] [INFO] LWJGL Version: 2.9.0
2013-11-21 17:39:08 [CLIENT] [INFO] Reloading ResourceManager: Default
2013-11-21 17:39:10 [CLIENT] [INFO] Reloading ResourceManager: Default, FMLFileResourcePack:Forge Mod Loader, FMLFileResourcePack:Minecraft Forge, FMLFileResourcePack:Odyssey Craft
2013-11-21 17:39:12 [CLIENT] [INFO] Reloading ResourceManager: Default, FMLFileResourcePack:Forge Mod Loader, FMLFileResourcePack:Minecraft Forge, FMLFileResourcePack:Odyssey Craft
2013-11-21 17:39:12 [CLIENT] [SEVERE] Using missing texture, unable to load: minecraft:textures/blocks/MISSING_ICON_TILE_500_console.png
2013-11-21 17:39:14 [CLIENT] [SEVERE] Realms: Invalid session id
2013-11-21 17:40:18 [CLIENT] [INFO] Stopping!
2013-11-21 18:03:23 [CLIENT] [INFO] Setting user: Player6
2013-11-21 18:03:23 [CLIENT] [INFO] (Session ID is null)
2013-11-21 18:03:23 [CLIENT] [INFO] LWJGL Version: 2.9.0
2013-11-21 18:03:24 [CLIENT] [INFO] Reloading ResourceManager: Default
2013-11-21 18:03:26 [CLIENT] [INFO] Reloading ResourceManager: Default, FMLFileResourcePack:Forge Mod Loader, FMLFileResourcePack:Minecraft Forge, FMLFileResourcePack:Odyssey Craft
2013-11-21 18:03:28 [CLIENT] [INFO] Reloading ResourceManager: Default, FMLFileResourcePack:Forge Mod Loader, FMLFileResourcePack:Minecraft Forge, FMLFileResourcePack:Odyssey Craft
2013-11-21 18:03:28 [CLIENT] [SEVERE] Using missing texture, unable to load: minecraft:textures/blocks/MISSING_ICON_TILE_500_console.png
2013-11-21 18:03:29 [CLIENT] [SEVERE] Realms: Invalid session id
2013-11-21 18:04:07 [CLIENT] [INFO] [CHAT] Saved screenshot as 2013-11-21_18.04.07.png
2013-11-21 18:04:09 [CLIENT] [INFO] [CHAT] Saved screenshot as 2013-11-21_18.04.08.png
2013-11-21 18:04:58 [CLIENT] [INFO] Stopping!
2013-11-21 18:11:26 [CLIENT] [INFO] Setting user: Player842
2013-11-21 18:11:26 [CLIENT] [INFO] (Session ID is null)
2013-11-21 18:11:26 [CLIENT] [INFO] LWJGL Version: 2.9.0
2013-11-21 18:11:27 [CLIENT] [INFO] Reloading ResourceManager: Default
2013-11-21 18:11:29 [CLIENT] [INFO] Reloading ResourceManager: Default, FMLFileResourcePack:Forge Mod Loader, FMLFileResourcePack:Minecraft Forge, FMLFileResourcePack:Odyssey Craft
2013-11-21 18:11:30 [CLIENT] [INFO] Reloading ResourceManager: Default, FMLFileResourcePack:Forge Mod Loader, FMLFileResourcePack:Minecraft Forge, FMLFileResourcePack:Odyssey Craft
2013-11-21 18:11:31 [CLIENT] [SEVERE] Using missing texture, unable to load: minecraft:textures/blocks/MISSING_ICON_TILE_500_console.png
2013-11-21 18:11:32 [CLIENT] [SEVERE] Realms: Invalid session id
2013-11-21 18:12:51 [CLIENT] [INFO] Stopping!
2013-11-21 18:22:13 [CLIENT] [INFO] Setting user: Player171
2013-11-21 18:22:13 [CLIENT] [INFO] (Session ID is null)
2013-11-21 18:22:14 [CLIENT] [INFO] LWJGL Version: 2.9.0
2013-11-21 18:22:14 [CLIENT] [INFO] Reloading ResourceManager: Default
2013-11-21 18:22:17 [CLIENT] [INFO] Reloading ResourceManager: Default, FMLFileResourcePack:Forge Mod Loader, FMLFileResourcePack:Minecraft Forge, FMLFileResourcePack:Odyssey Craft
2013-11-21 18:22:18 [CLIENT] [INFO] Reloading ResourceManager: Default, FMLFileResourcePack:Forge Mod Loader, FMLFileResourcePack:Minecraft Forge, FMLFileResourcePack:Odyssey Craft
2013-11-21 18:22:18 [CLIENT] [SEVERE] Using missing texture, unable to load: minecraft:textures/blocks/MISSING_ICON_TILE_500_console.png
2013-11-21 18:22:19 [CLIENT] [SEVERE] Realms: Invalid session id
2013-11-23 12:37:39 [CLIENT] [INFO] Setting user: Player747
2013-11-23 12:37:39 [CLIENT] [INFO] (Session ID is null)
2013-11-23 12:37:41 [CLIENT] [INFO] LWJGL Version: 2.9.0
2013-11-23 12:37:42 [CLIENT] [INFO] Reloading ResourceManager: Default
2013-11-23 12:37:49 [CLIENT] [INFO] Reloading ResourceManager: Default, FMLFileResourcePack:Forge Mod Loader, FMLFileResourcePack:Minecraft Forge, FMLFileResourcePack:Odyssey Craft
2013-11-23 12:37:50 [CLIENT] [INFO] Reloading ResourceManager: Default, FMLFileResourcePack:Forge Mod Loader, FMLFileResourcePack:Minecraft Forge, FMLFileResourcePack:Odyssey Craft
2013-11-23 12:37:50 [CLIENT] [SEVERE] Using missing texture, unable to load: minecraft:textures/blocks/MISSING_ICON_TILE_500_console.png
2013-11-23 12:37:52 [CLIENT] [SEVERE] Realms: Invalid session id
2013-11-23 12:39:34 [CLIENT] [INFO] Stopping!
2013-11-23 12:39:47 [CLIENT] [INFO] Setting user: Player541
2013-11-23 12:39:47 [CLIENT] [INFO] (Session ID is null)
2013-11-23 12:39:48 [CLIENT] [INFO] LWJGL Version: 2.9.0
2013-11-23 12:39:49 [CLIENT] [INFO] Reloading ResourceManager: Default
2013-11-23 12:39:51 [CLIENT] [INFO] Reloading ResourceManager: Default, FMLFileResourcePack:Forge Mod Loader, FMLFileResourcePack:Minecraft Forge, FMLFileResourcePack:Odyssey Craft
2013-11-23 12:39:53 [CLIENT] [INFO] Reloading ResourceManager: Default, FMLFileResourcePack:Forge Mod Loader, FMLFileResourcePack:Minecraft Forge, FMLFileResourcePack:Odyssey Craft
2013-11-23 12:39:53 [CLIENT] [SEVERE] Using missing texture, unable to load: minecraft:textures/blocks/MISSING_ICON_TILE_500_console.png
2013-11-23 12:39:54 [CLIENT] [SEVERE] Realms: Invalid session id
2013-11-23 12:40:47 [CLIENT] [INFO] Stopping!
2013-11-23 12:43:23 [CLIENT] [INFO] Setting user: Player340
2013-11-23 12:43:23 [CLIENT] [INFO] (Session ID is null)
2013-11-23 12:43:24 [CLIENT] [INFO] LWJGL Version: 2.9.0
2013-11-23 12:43:25 [CLIENT] [INFO] Reloading ResourceManager: Default
2013-11-23 12:43:27 [CLIENT] [INFO] Reloading ResourceManager: Default, FMLFileResourcePack:Forge Mod Loader, FMLFileResourcePack:Minecraft Forge, FMLFileResourcePack:Odyssey Craft
2013-11-23 12:43:28 [CLIENT] [INFO] Reloading ResourceManager: Default, FMLFileResourcePack:Forge Mod Loader, FMLFileResourcePack:Minecraft Forge, FMLFileResourcePack:Odyssey Craft
2013-11-23 12:43:29 [CLIENT] [SEVERE] Using missing texture, unable to load: minecraft:textures/blocks/MISSING_ICON_TILE_500_console.png
2013-11-23 12:43:30 [CLIENT] [SEVERE] Realms: Invalid session id
2013-11-23 12:50:38 [CLIENT] [INFO] Stopping!
2013-11-23 12:52:45 [CLIENT] [INFO] Setting user: Player332
2013-11-23 12:52:45 [CLIENT] [INFO] (Session ID is null)
2013-11-23 12:52:46 [CLIENT] [INFO] LWJGL Version: 2.9.0
2013-11-23 12:52:46 [CLIENT] [INFO] Reloading ResourceManager: Default
2013-11-23 12:52:49 [CLIENT] [INFO] Reloading ResourceManager: Default, FMLFileResourcePack:Forge Mod Loader, FMLFileResourcePack:Minecraft Forge, FMLFileResourcePack:Odyssey Craft
2013-11-23 12:52:50 [CLIENT] [INFO] Reloading ResourceManager: Default, FMLFileResourcePack:Forge Mod Loader, FMLFileResourcePack:Minecraft Forge, FMLFileResourcePack:Odyssey Craft
2013-11-23 12:52:51 [CLIENT] [SEVERE] Using missing texture, unable to load: minecraft:textures/blocks/MISSING_ICON_TILE_500_console.png
2013-11-23 12:52:52 [CLIENT] [SEVERE] Realms: Invalid session id
2013-11-23 12:56:13 [CLIENT] [INFO] Setting user: Player125
2013-11-23 12:56:13 [CLIENT] [INFO] (Session ID is null)
2013-11-23 12:56:14 [CLIENT] [INFO] LWJGL Version: 2.9.0
2013-11-23 12:56:14 [CLIENT] [INFO] Reloading ResourceManager: Default
2013-11-23 12:56:17 [CLIENT] [INFO] Reloading ResourceManager: Default, FMLFileResourcePack:Forge Mod Loader, FMLFileResourcePack:Minecraft Forge, FMLFileResourcePack:Odyssey Craft
2013-11-23 12:56:18 [CLIENT] [INFO] Reloading ResourceManager: Default, FMLFileResourcePack:Forge Mod Loader, FMLFileResourcePack:Minecraft Forge, FMLFileResourcePack:Odyssey Craft
2013-11-23 12:56:19 [CLIENT] [SEVERE] Using missing texture, unable to load: minecraft:textures/blocks/MISSING_ICON_TILE_500_console.png
2013-11-23 12:56:20 [CLIENT] [SEVERE] Realms: Invalid session id
2013-11-23 12:58:29 [CLIENT] [INFO] Setting user: Player755
2013-11-23 12:58:29 [CLIENT] [INFO] (Session ID is null)
2013-11-23 12:58:30 [CLIENT] [INFO] LWJGL Version: 2.9.0
2013-11-23 12:58:31 [CLIENT] [INFO] Reloading ResourceManager: Default
2013-11-23 12:58:33 [CLIENT] [INFO] Reloading ResourceManager: Default, FMLFileResourcePack:Forge Mod Loader, FMLFileResourcePack:Minecraft Forge, FMLFileResourcePack:Odyssey Craft
2013-11-23 12:58:35 [CLIENT] [INFO] Reloading ResourceManager: Default, FMLFileResourcePack:Forge Mod Loader, FMLFileResourcePack:Minecraft Forge, FMLFileResourcePack:Odyssey Craft
2013-11-23 12:58:35 [CLIENT] [SEVERE] Using missing texture, unable to load: minecraft:textures/blocks/MISSING_ICON_TILE_500_console.png
2013-11-23 12:58:36 [CLIENT] [SEVERE] Realms: Invalid session id
2013-11-23 12:59:49 [CLIENT] [INFO] Stopping!
2013-11-23 13:00:15 [CLIENT] [INFO] Setting user: Player472
2013-11-23 13:00:15 [CLIENT] [INFO] (Session ID is null)
2013-11-23 13:00:16 [CLIENT] [INFO] LWJGL Version: 2.9.0
2013-11-23 13:00:17 [CLIENT] [INFO] Reloading ResourceManager: Default
2013-11-23 13:00:19 [CLIENT] [INFO] Reloading ResourceManager: Default, FMLFileResourcePack:Forge Mod Loader, FMLFileResourcePack:Minecraft Forge, FMLFileResourcePack:Odyssey Craft
2013-11-23 13:00:21 [CLIENT] [INFO] Reloading ResourceManager: Default, FMLFileResourcePack:Forge Mod Loader, FMLFileResourcePack:Minecraft Forge, FMLFileResourcePack:Odyssey Craft
2013-11-23 13:00:21 [CLIENT] [SEVERE] Using missing texture, unable to load: minecraft:textures/blocks/MISSING_ICON_TILE_500_console.png
2013-11-23 13:00:22 [CLIENT] [SEVERE] Realms: Invalid session id
2013-11-23 13:01:17 [CLIENT] [INFO] Stopping!
2013-11-23 13:03:42 [CLIENT] [INFO] Setting user: Player908
2013-11-23 13:03:42 [CLIENT] [INFO] (Session ID is null)
2013-11-23 13:03:42 [CLIENT] [INFO] LWJGL Version: 2.9.0
2013-11-23 13:03:43 [CLIENT] [INFO] Reloading ResourceManager: Default
2013-11-23 13:03:45 [CLIENT] [INFO] Reloading ResourceManager: Default, FMLFileResourcePack:Forge Mod Loader, FMLFileResourcePack:Minecraft Forge, FMLFileResourcePack:Odyssey Craft
2013-11-23 13:03:47 [CLIENT] [INFO] Reloading ResourceManager: Default, FMLFileResourcePack:Forge Mod Loader, FMLFileResourcePack:Minecraft Forge, FMLFileResourcePack:Odyssey Craft
2013-11-23 13:03:47 [CLIENT] [SEVERE] Using missing texture, unable to load: minecraft:textures/blocks/MISSING_ICON_TILE_500_console.png
2013-11-23 13:03:48 [CLIENT] [SEVERE] Realms: Invalid session id
2013-11-23 13:05:28 [CLIENT] [INFO] Stopping!
2013-11-23 13:10:05 [CLIENT] [INFO] Setting user: Player813
2013-11-23 13:10:05 [CLIENT] [INFO] (Session ID is null)
2013-11-23 13:10:05 [CLIENT] [INFO] LWJGL Version: 2.9.0
2013-11-23 13:10:06 [CLIENT] [INFO] Reloading ResourceManager: Default
2013-11-23 13:10:09 [CLIENT] [INFO] Reloading ResourceManager: Default, FMLFileResourcePack:Forge Mod Loader, FMLFileResourcePack:Minecraft Forge, FMLFileResourcePack:Odyssey Craft
2013-11-23 13:10:10 [CLIENT] [INFO] Reloading ResourceManager: Default, FMLFileResourcePack:Forge Mod Loader, FMLFileResourcePack:Minecraft Forge, FMLFileResourcePack:Odyssey Craft
2013-11-23 13:10:10 [CLIENT] [SEVERE] Using missing texture, unable to load: minecraft:textures/blocks/MISSING_ICON_TILE_500_console.png
2013-11-23 13:10:12 [CLIENT] [SEVERE] Realms: Invalid session id
2013-11-23 13:11:44 [CLIENT] [INFO] Stopping!
2013-11-23 13:11:48 [CLIENT] [INFO] Setting user: Player506
2013-11-23 13:11:48 [CLIENT] [INFO] (Session ID is null)
2013-11-23 13:11:49 [CLIENT] [INFO] LWJGL Version: 2.9.0
2013-11-23 13:11:50 [CLIENT] [INFO] Reloading ResourceManager: Default
2013-11-23 13:11:52 [CLIENT] [INFO] Reloading ResourceManager: Default, FMLFileResourcePack:Forge Mod Loader, FMLFileResourcePack:Minecraft Forge, FMLFileResourcePack:Odyssey Craft
2013-11-23 13:11:53 [CLIENT] [INFO] Reloading ResourceManager: Default, FMLFileResourcePack:Forge Mod Loader, FMLFileResourcePack:Minecraft Forge, FMLFileResourcePack:Odyssey Craft
2013-11-23 13:11:54 [CLIENT] [SEVERE] Using missing texture, unable to load: minecraft:textures/blocks/MISSING_ICON_TILE_500_console.png
2013-11-23 13:11:55 [CLIENT] [SEVERE] Realms: Invalid session id
2013-11-23 13:12:56 [CLIENT] [INFO] Stopping!
2013-11-23 13:22:41 [CLIENT] [INFO] Setting user: Player621
2013-11-23 13:22:41 [CLIENT] [INFO] (Session ID is null)
2013-11-23 13:22:42 [CLIENT] [INFO] LWJGL Version: 2.9.0
2013-11-23 13:22:43 [CLIENT] [INFO] Reloading ResourceManager: Default
2013-11-23 13:22:45 [CLIENT] [INFO] Reloading ResourceManager: Default, FMLFileResourcePack:Forge Mod Loader, FMLFileResourcePack:Minecraft Forge, FMLFileResourcePack:Odyssey Craft
2013-11-23 13:22:46 [CLIENT] [INFO] Reloading ResourceManager: Default, FMLFileResourcePack:Forge Mod Loader, FMLFileResourcePack:Minecraft Forge, FMLFileResourcePack:Odyssey Craft
2013-11-23 13:22:47 [CLIENT] [SEVERE] Using missing texture, unable to load: minecraft:textures/blocks/MISSING_ICON_TILE_500_console.png
2013-11-23 13:22:48 [CLIENT] [SEVERE] Realms: Invalid session id
2013-11-23 13:30:33 [CLIENT] [INFO] Setting user: Player911
2013-11-23 13:30:33 [CLIENT] [INFO] (Session ID is null)
2013-11-23 13:30:33 [CLIENT] [INFO] LWJGL Version: 2.9.0
2013-11-23 13:30:34 [CLIENT] [INFO] Reloading ResourceManager: Default
2013-11-23 13:30:36 [CLIENT] [INFO] Reloading ResourceManager: Default, FMLFileResourcePack:Forge Mod Loader, FMLFileResourcePack:Minecraft Forge, FMLFileResourcePack:Odyssey Craft
2013-11-23 13:30:38 [CLIENT] [INFO] Reloading ResourceManager: Default, FMLFileResourcePack:Forge Mod Loader, FMLFileResourcePack:Minecraft Forge, FMLFileResourcePack:Odyssey Craft
2013-11-23 13:30:38 [CLIENT] [SEVERE] Using missing texture, unable to load: minecraft:textures/blocks/MISSING_ICON_TILE_500_console.png
2013-11-23 13:30:39 [CLIENT] [SEVERE] Realms: Invalid session id
2013-11-23 13:39:04 [CLIENT] [INFO] Setting user: Player805
2013-11-23 13:39:04 [CLIENT] [INFO] (Session ID is null)
2013-11-23 13:39:05 [CLIENT] [INFO] LWJGL Version: 2.9.0
2013-11-23 13:39:06 [CLIENT] [INFO] Reloading ResourceManager: Default
2013-11-23 13:39:08 [CLIENT] [INFO] Reloading ResourceManager: Default, FMLFileResourcePack:Forge Mod Loader, FMLFileResourcePack:Minecraft Forge, FMLFileResourcePack:Odyssey Craft
2013-11-23 13:39:09 [CLIENT] [INFO] Reloading ResourceManager: Default, FMLFileResourcePack:Forge Mod Loader, FMLFileResourcePack:Minecraft Forge, FMLFileResourcePack:Odyssey Craft
2013-11-23 13:39:10 [CLIENT] [SEVERE] Using missing texture, unable to load: minecraft:textures/blocks/MISSING_ICON_TILE_500_console.png
2013-11-23 13:39:11 [CLIENT] [SEVERE] Realms: Invalid session id
2013-11-23 13:40:06 [CLIENT] [INFO] [CHAT] Set the time to 0
2013-11-23 13:42:26 [CLIENT] [INFO] Setting user: Player216
2013-11-23 13:42:26 [CLIENT] [INFO] (Session ID is null)
2013-11-23 13:42:27 [CLIENT] [INFO] LWJGL Version: 2.9.0
2013-11-23 13:42:27 [CLIENT] [INFO] Reloading ResourceManager: Default
2013-11-23 13:42:30 [CLIENT] [INFO] Reloading ResourceManager: Default, FMLFileResourcePack:Forge Mod Loader, FMLFileResourcePack:Minecraft Forge, FMLFileResourcePack:Odyssey Craft
2013-11-23 13:42:31 [CLIENT] [INFO] Reloading ResourceManager: Default, FMLFileResourcePack:Forge Mod Loader, FMLFileResourcePack:Minecraft Forge, FMLFileResourcePack:Odyssey Craft
2013-11-23 13:42:31 [CLIENT] [SEVERE] Using missing texture, unable to load: minecraft:textures/blocks/MISSING_ICON_TILE_500_console.png
2013-11-23 13:42:32 [CLIENT] [SEVERE] Realms: Invalid session id
2013-11-23 13:44:37 [CLIENT] [INFO] Setting user: Player917
2013-11-23 13:44:37 [CLIENT] [INFO] (Session ID is null)
2013-11-23 13:44:37 [CLIENT] [INFO] LWJGL Version: 2.9.0
2013-11-23 13:44:38 [CLIENT] [INFO] Reloading ResourceManager: Default
2013-11-23 13:44:40 [CLIENT] [INFO] Reloading ResourceManager: Default, FMLFileResourcePack:Forge Mod Loader, FMLFileResourcePack:Minecraft Forge, FMLFileResourcePack:Odyssey Craft
2013-11-23 13:44:42 [CLIENT] [INFO] Reloading ResourceManager: Default, FMLFileResourcePack:Forge Mod Loader, FMLFileResourcePack:Minecraft Forge, FMLFileResourcePack:Odyssey Craft
2013-11-23 13:44:42 [CLIENT] [SEVERE] Using missing texture, unable to load: minecraft:textures/blocks/MISSING_ICON_TILE_500_console.png
2013-11-23 13:44:43 [CLIENT] [SEVERE] Realms: Invalid session id
2013-11-23 13:52:39 [CLIENT] [INFO] Stopping!
2013-11-23 13:53:43 [CLIENT] [INFO] Setting user: Player3
2013-11-23 13:53:43 [CLIENT] [INFO] (Session ID is null)
2013-11-23 13:53:43 [CLIENT] [INFO] LWJGL Version: 2.9.0
2013-11-23 13:53:44 [CLIENT] [INFO] Reloading ResourceManager: Default
2013-11-23 13:53:46 [CLIENT] [INFO] Reloading ResourceManager: Default, FMLFileResourcePack:Forge Mod Loader, FMLFileResourcePack:Minecraft Forge, FMLFileResourcePack:Odyssey Craft
2013-11-23 13:53:48 [CLIENT] [INFO] Reloading ResourceManager: Default, FMLFileResourcePack:Forge Mod Loader, FMLFileResourcePack:Minecraft Forge, FMLFileResourcePack:Odyssey Craft
2013-11-23 13:53:48 [CLIENT] [SEVERE] Using missing texture, unable to load: minecraft:textures/blocks/MISSING_ICON_TILE_500_console.png
2013-11-23 13:53:49 [CLIENT] [SEVERE] Realms: Invalid session id
2013-11-23 14:05:10 [CLIENT] [INFO] Stopping!
2013-11-23 14:05:39 [CLIENT] [INFO] Setting user: Player335
2013-11-23 14:05:39 [CLIENT] [INFO] (Session ID is null)
2013-11-23 14:05:40 [CLIENT] [INFO] LWJGL Version: 2.9.0
2013-11-23 14:05:41 [CLIENT] [INFO] Reloading ResourceManager: Default
2013-11-23 14:05:43 [CLIENT] [INFO] Reloading ResourceManager: Default, FMLFileResourcePack:Forge Mod Loader, FMLFileResourcePack:Minecraft Forge, FMLFileResourcePack:Odyssey Craft
2013-11-23 14:05:44 [CLIENT] [INFO] Reloading ResourceManager: Default, FMLFileResourcePack:Forge Mod Loader, FMLFileResourcePack:Minecraft Forge, FMLFileResourcePack:Odyssey Craft
2013-11-23 14:05:45 [CLIENT] [SEVERE] Using missing texture, unable to load: minecraft:textures/blocks/MISSING_ICON_TILE_500_console.png
2013-11-23 14:05:46 [CLIENT] [SEVERE] Realms: Invalid session id
2013-11-23 14:08:11 [CLIENT] [INFO] Stopping!
2013-11-23 16:44:47 [CLIENT] [INFO] Setting user: Player876
2013-11-23 16:44:47 [CLIENT] [INFO] (Session ID is null)
2013-11-23 16:44:47 [CLIENT] [INFO] LWJGL Version: 2.9.0
2013-11-23 16:44:48 [CLIENT] [INFO] Reloading ResourceManager: Default
2013-11-23 16:44:50 [CLIENT] [INFO] Reloading ResourceManager: Default, FMLFileResourcePack:Forge Mod Loader, FMLFileResourcePack:Minecraft Forge, FMLFileResourcePack:Odyssey Craft
2013-11-23 16:44:52 [CLIENT] [INFO] Reloading ResourceManager: Default, FMLFileResourcePack:Forge Mod Loader, FMLFileResourcePack:Minecraft Forge, FMLFileResourcePack:Odyssey Craft
2013-11-23 16:44:52 [CLIENT] [SEVERE] Using missing texture, unable to load: minecraft:textures/blocks/MISSING_ICON_TILE_500_console.png
2013-11-23 16:44:53 [CLIENT] [SEVERE] Realms: Invalid session id
2013-11-23 16:45:09 [CLIENT] [INFO] Stopping!
2013-11-23 16:45:37 [CLIENT] [INFO] Setting user: Player496
2013-11-23 16:45:37 [CLIENT] [INFO] (Session ID is null)
2013-11-23 16:45:38 [CLIENT] [INFO] LWJGL Version: 2.9.0
2013-11-23 16:45:39 [CLIENT] [INFO] Reloading ResourceManager: Default
2013-11-23 16:45:41 [CLIENT] [INFO] Reloading ResourceManager: Default, FMLFileResourcePack:Forge Mod Loader, FMLFileResourcePack:Minecraft Forge, FMLFileResourcePack:Odyssey Craft
2013-11-23 16:45:42 [CLIENT] [INFO] Reloading ResourceManager: Default, FMLFileResourcePack:Forge Mod Loader, FMLFileResourcePack:Minecraft Forge, FMLFileResourcePack:Odyssey Craft
2013-11-23 16:45:42 [CLIENT] [SEVERE] Using missing texture, unable to load: minecraft:textures/blocks/MISSING_ICON_TILE_500_console.png
2013-11-23 16:45:44 [CLIENT] [SEVERE] Realms: Invalid session id
2013-11-23 16:46:27 [CLIENT] [INFO] Stopping!
2013-11-23 16:46:44 [CLIENT] [INFO] Setting user: Player220
2013-11-23 16:46:44 [CLIENT] [INFO] (Session ID is null)
2013-11-23 16:46:45 [CLIENT] [INFO] LWJGL Version: 2.9.0
2013-11-23 16:46:45 [CLIENT] [INFO] Reloading ResourceManager: Default
2013-11-23 16:46:48 [CLIENT] [INFO] Reloading ResourceManager: Default, FMLFileResourcePack:Forge Mod Loader, FMLFileResourcePack:Minecraft Forge, FMLFileResourcePack:Odyssey Craft
2013-11-23 16:46:49 [CLIENT] [INFO] Reloading ResourceManager: Default, FMLFileResourcePack:Forge Mod Loader, FMLFileResourcePack:Minecraft Forge, FMLFileResourcePack:Odyssey Craft
2013-11-23 16:46:49 [CLIENT] [SEVERE] Using missing texture, unable to load: minecraft:textures/blocks/MISSING_ICON_TILE_500_console.png
2013-11-23 16:46:51 [CLIENT] [SEVERE] Realms: Invalid session id
2013-11-23 16:47:59 [CLIENT] [INFO] Stopping!
2013-11-23 16:48:41 [CLIENT] [INFO] Setting user: Player176
2013-11-23 16:48:41 [CLIENT] [INFO] (Session ID is null)
2013-11-23 16:48:42 [CLIENT] [INFO] LWJGL Version: 2.9.0
2013-11-23 16:48:42 [CLIENT] [INFO] Reloading ResourceManager: Default
2013-11-23 16:48:44 [CLIENT] [INFO] Reloading ResourceManager: Default, FMLFileResourcePack:Forge Mod Loader, FMLFileResourcePack:Minecraft Forge, FMLFileResourcePack:Odyssey Craft
2013-11-23 16:48:46 [CLIENT] [INFO] Reloading ResourceManager: Default, FMLFileResourcePack:Forge Mod Loader, FMLFileResourcePack:Minecraft Forge, FMLFileResourcePack:Odyssey Craft
2013-11-23 16:48:46 [CLIENT] [SEVERE] Using missing texture, unable to load: minecraft:textures/blocks/MISSING_ICON_TILE_500_console.png
2013-11-23 16:48:47 [CLIENT] [SEVERE] Realms: Invalid session id
2013-11-23 16:51:36 [CLIENT] [INFO] Stopping!
2013-11-23 16:53:09 [CLIENT] [INFO] Setting user: Player950
2013-11-23 16:53:09 [CLIENT] [INFO] (Session ID is null)
2013-11-23 16:53:09 [CLIENT] [INFO] LWJGL Version: 2.9.0
2013-11-23 16:53:10 [CLIENT] [INFO] Reloading ResourceManager: Default
2013-11-23 16:53:12 [CLIENT] [INFO] Reloading ResourceManager: Default, FMLFileResourcePack:Forge Mod Loader, FMLFileResourcePack:Minecraft Forge, FMLFileResourcePack:Odyssey Craft
2013-11-23 16:53:14 [CLIENT] [INFO] Reloading ResourceManager: Default, FMLFileResourcePack:Forge Mod Loader, FMLFileResourcePack:Minecraft Forge, FMLFileResourcePack:Odyssey Craft
2013-11-23 16:53:14 [CLIENT] [SEVERE] Using missing texture, unable to load: minecraft:textures/blocks/MISSING_ICON_TILE_500_console.png
2013-11-23 16:53:15 [CLIENT] [SEVERE] Realms: Invalid session id
2013-11-23 16:53:27 [CLIENT] [INFO] Stopping!
